Started GET "/" for 127.0.0.1 at 2022-07-17 16:44:25 +0800
  [1m[35m (0.9ms)[0m  [1m[34mSELECT sqlite_version(*)[0m
Processing by HomepageController#index as HTML
  Rendering layout layouts/application.html.erb
  Rendering homepage/index.html within layouts/application
  Rendered homepage/index.html within layouts/application (Duration: 1.1ms | Allocations: 274)
  Rendered layout layouts/application.html.erb (Duration: 221.0ms | Allocations: 66909)
Completed 200 OK in 232ms (Views: 224.7ms | ActiveRecord: 0.0ms | Allocations: 69406)


Started GET "/tasks" for 127.0.0.1 at 2022-07-17 16:44:26 +0800
Processing by HomepageController#index as JSON
  Parameters: {"path"=>"tasks"}
  Rendering homepage/index.html
  Rendered homepage/index.html (Duration: 0.0ms | Allocations: 13)
Completed 200 OK in 1ms (Views: 0.7ms | ActiveRecord: 0.0ms | Allocations: 1067)


Started POST "/tasks" for 127.0.0.1 at 2022-07-17 17:13:54 +0800
  
ActionController::RoutingError (No route matches [POST] "/tasks"):
  
  [1m[35m (0.6ms)[0m  [1m[34mSELECT sqlite_version(*)[0m
  [1m[35m (3.0ms)[0m  [1m[35mCREATE TABLE "schema_migrations" ("version" varchar NOT NULL PRIMARY KEY)[0m
  [1m[35m (2.2ms)[0m  [1m[35mCREATE TABLE "ar_internal_metadata" ("key" varchar NOT NULL PRIMARY KEY, "value" varchar, "created_at" datetime(6) NOT NULL, "updated_at" datetime(6) NOT NULL)[0m
  [1m[35m (0.1ms)[0m  [1m[34mSELECT "schema_migrations"."version" FROM "schema_migrations" ORDER BY "schema_migrations"."version" ASC[0m
Migrating to CreateTasks (20220717094230)
  [1m[36mTRANSACTION (0.0ms)[0m  [1m[36mbegin transaction[0m
  [1m[35m (0.2ms)[0m  [1m[35mCREATE TABLE "tasks" ("id" integer PRIMARY KEY AUTOINCREMENT NOT NULL, "created_at" datetime(6) NOT NULL, "updated_at" datetime(6) NOT NULL)[0m
  [1m[36mActiveRecord::SchemaMigration Create (0.1ms)[0m  [1m[32mINSERT INTO "schema_migrations" ("version") VALUES (?)[0m  [["version", "20220717094230"]]
  [1m[36mTRANSACTION (2.0ms)[0m  [1m[36mcommit transaction[0m
  [1m[36mActiveRecord::InternalMetadata Load (0.1ms)[0m  [1m[34mSELECT "ar_internal_metadata".* FROM "ar_internal_metadata" WHERE "ar_internal_metadata"."key" = ? LIMIT ?[0m  [["key", "environment"], ["LIMIT", 1]]
  [1m[36mTRANSACTION (0.0ms)[0m  [1m[36mbegin transaction[0m
  [1m[36mActiveRecord::InternalMetadata Create (0.1ms)[0m  [1m[32mINSERT INTO "ar_internal_metadata" ("key", "value", "created_at", "updated_at") VALUES (?, ?, ?, ?)[0m  [["key", "environment"], ["value", "development"], ["created_at", "2022-07-17 10:11:57.987802"], ["updated_at", "2022-07-17 10:11:57.987802"]]
  [1m[36mTRANSACTION (1.6ms)[0m  [1m[36mcommit transaction[0m
  [1m[35m (0.0ms)[0m  [1m[34mSELECT sqlite_version(*)[0m
  [1m[35m (0.1ms)[0m  [1m[34mSELECT "schema_migrations"."version" FROM "schema_migrations" ORDER BY "schema_migrations"."version" ASC[0m
Started GET "/tasks" for 127.0.0.1 at 2022-07-18 18:37:13 +0800
  [1m[35m (1.0ms)[0m  [1m[34mSELECT sqlite_version(*)[0m
  [1m[35m (0.1ms)[0m  [1m[34mSELECT "schema_migrations"."version" FROM "schema_migrations" ORDER BY "schema_migrations"."version" ASC[0m
Processing by HomepageController#index as JSON
  Parameters: {"path"=>"tasks"}
  Rendering homepage/index.html
  Rendered homepage/index.html (Duration: 1.1ms | Allocations: 277)
Completed 200 OK in 10ms (Views: 3.9ms | ActiveRecord: 0.0ms | Allocations: 3052)


  [1m[35m (0.6ms)[0m  [1m[34mSELECT sqlite_version(*)[0m
  [1m[35m (0.1ms)[0m  [1m[34mSELECT "schema_migrations"."version" FROM "schema_migrations" ORDER BY "schema_migrations"."version" ASC[0m
Migrating to AddAttributesToTasks (20220718110711)
  [1m[36mTRANSACTION (0.0ms)[0m  [1m[36mbegin transaction[0m
  [1m[35m (0.3ms)[0m  [1m[35mALTER TABLE "tasks" ADD "content" varchar[0m
  [1m[35m (0.3ms)[0m  [1m[35mALTER TABLE "tasks" ADD "completed" boolean DEFAULT 0[0m
  [1m[36mActiveRecord::SchemaMigration Create (0.1ms)[0m  [1m[32mINSERT INTO "schema_migrations" ("version") VALUES (?)[0m  [["version", "20220718110711"]]
  [1m[36mTRANSACTION (2.0ms)[0m  [1m[36mcommit transaction[0m
  [1m[36mActiveRecord::InternalMetadata Load (0.2ms)[0m  [1m[34mSELECT "ar_internal_metadata".* FROM "ar_internal_metadata" WHERE "ar_internal_metadata"."key" = ? LIMIT ?[0m  [["key", "environment"], ["LIMIT", 1]]
  [1m[35m (0.0ms)[0m  [1m[34mSELECT sqlite_version(*)[0m
  [1m[35m (0.1ms)[0m  [1m[34mSELECT "schema_migrations"."version" FROM "schema_migrations" ORDER BY "schema_migrations"."version" ASC[0m
Started GET "/tasks" for 127.0.0.1 at 2022-07-19 01:05:41 +0800
  [1m[35m (1.2ms)[0m  [1m[34mSELECT sqlite_version(*)[0m
  [1m[35m (0.1ms)[0m  [1m[34mSELECT "schema_migrations"."version" FROM "schema_migrations" ORDER BY "schema_migrations"."version" ASC[0m
  
AbstractController::ActionNotFound (The action 'index' could not be found for TasksController):
  
actionpack (6.1.6.1) lib/abstract_controller/base.rb:160:in `process'
actionview (6.1.6.1) lib/action_view/rendering.rb:39:in `process'
actionpack (6.1.6.1) lib/action_controller/metal.rb:190:in `dispatch'
actionpack (6.1.6.1) lib/action_controller/metal.rb:254:in `dispatch'
actionpack (6.1.6.1) lib/action_dispatch/routing/route_set.rb:50:in `dispatch'
actionpack (6.1.6.1) lib/action_dispatch/routing/route_set.rb:33:in `serve'
actionpack (6.1.6.1) lib/action_dispatch/journey/router.rb:50:in `block in serve'
actionpack (6.1.6.1) lib/action_dispatch/journey/router.rb:32:in `each'
actionpack (6.1.6.1) lib/action_dispatch/journey/router.rb:32:in `serve'
actionpack (6.1.6.1) lib/action_dispatch/routing/route_set.rb:842:in `call'
rack (2.2.4) lib/rack/tempfile_reaper.rb:15:in `call'
rack (2.2.4) lib/rack/etag.rb:27:in `call'
rack (2.2.4) lib/rack/conditional_get.rb:27:in `call'
rack (2.2.4) lib/rack/head.rb:12:in `call'
actionpack (6.1.6.1) lib/action_dispatch/http/permissions_policy.rb:22:in `call'
actionpack (6.1.6.1) lib/action_dispatch/http/content_security_policy.rb:19:in `call'
rack (2.2.4) lib/rack/session/abstract/id.rb:266:in `context'
rack (2.2.4) lib/rack/session/abstract/id.rb:260:in `call'
actionpack (6.1.6.1) lib/action_dispatch/middleware/cookies.rb:689:in `call'
activerecord (6.1.6.1) lib/active_record/migration.rb:601:in `call'
actionpack (6.1.6.1) lib/action_dispatch/middleware/callbacks.rb:27:in `block in call'
activesupport (6.1.6.1) lib/active_support/callbacks.rb:98:in `run_callbacks'
actionpack (6.1.6.1) lib/action_dispatch/middleware/callbacks.rb:26:in `call'
actionpack (6.1.6.1) lib/action_dispatch/middleware/executor.rb:14:in `call'
actionpack (6.1.6.1) lib/action_dispatch/middleware/actionable_exceptions.rb:18:in `call'
actionpack (6.1.6.1) lib/action_dispatch/middleware/debug_exceptions.rb:29:in `call'
web-console (4.2.0) lib/web_console/middleware.rb:132:in `call_app'
web-console (4.2.0) lib/web_console/middleware.rb:28:in `block in call'
web-console (4.2.0) lib/web_console/middleware.rb:17:in `catch'
web-console (4.2.0) lib/web_console/middleware.rb:17:in `call'
actionpack (6.1.6.1) lib/action_dispatch/middleware/show_exceptions.rb:33:in `call'
railties (6.1.6.1) lib/rails/rack/logger.rb:37:in `call_app'
railties (6.1.6.1) lib/rails/rack/logger.rb:26:in `block in call'
activesupport (6.1.6.1) lib/active_support/tagged_logging.rb:99:in `block in tagged'
activesupport (6.1.6.1) lib/active_support/tagged_logging.rb:37:in `tagged'
activesupport (6.1.6.1) lib/active_support/tagged_logging.rb:99:in `tagged'
railties (6.1.6.1) lib/rails/rack/logger.rb:26:in `call'
sprockets-rails (3.4.2) lib/sprockets/rails/quiet_assets.rb:13:in `call'
actionpack (6.1.6.1) lib/action_dispatch/middleware/remote_ip.rb:81:in `call'
actionpack (6.1.6.1) lib/action_dispatch/middleware/request_id.rb:26:in `call'
rack (2.2.4) lib/rack/method_override.rb:24:in `call'
rack (2.2.4) lib/rack/runtime.rb:22:in `call'
activesupport (6.1.6.1) lib/active_support/cache/strategy/local_cache_middleware.rb:29:in `call'
actionpack (6.1.6.1) lib/action_dispatch/middleware/executor.rb:14:in `call'
actionpack (6.1.6.1) lib/action_dispatch/middleware/static.rb:24:in `call'
rack (2.2.4) lib/rack/sendfile.rb:110:in `call'
actionpack (6.1.6.1) lib/action_dispatch/middleware/host_authorization.rb:148:in `call'
railties (6.1.6.1) lib/rails/engine.rb:539:in `call'
puma (5.6.4) lib/puma/configuration.rb:252:in `call'
puma (5.6.4) lib/puma/request.rb:77:in `block in handle_request'
puma (5.6.4) lib/puma/thread_pool.rb:340:in `with_force_shutdown'
puma (5.6.4) lib/puma/request.rb:76:in `handle_request'
puma (5.6.4) lib/puma/server.rb:441:in `process_client'
puma (5.6.4) lib/puma/thread_pool.rb:147:in `block in spawn_thread'
Started GET "/tasks" for 127.0.0.1 at 2022-07-19 18:25:49 +0800
  [1m[35m (0.6ms)[0m  [1m[34mSELECT sqlite_version(*)[0m
  [1m[35m (0.1ms)[0m  [1m[34mSELECT "schema_migrations"."version" FROM "schema_migrations" ORDER BY "schema_migrations"."version" ASC[0m
Processing by TasksController#index as JSON
  Rendering tasks/index.jbuilder
  [1m[36mTask Load (0.3ms)[0m  [1m[34mSELECT "tasks".* FROM "tasks"[0m
  Rendered tasks/index.jbuilder (Duration: 1.4ms | Allocations: 704)
Completed 200 OK in 9ms (Views: 4.1ms | ActiveRecord: 0.3ms | Allocations: 4156)


Started POST "/tasks" for 127.0.0.1 at 2022-07-19 18:26:16 +0800
Processing by TasksController#create as JSON
  Parameters: {"task"=>{"content"=>"hey"}}
No template found for TasksController#create, rendering head :no_content
Completed 204 No Content in 1ms (ActiveRecord: 0.0ms | Allocations: 1047)


Started POST "/tasks" for 127.0.0.1 at 2022-07-19 19:57:39 +0800
Processing by TasksController#create as JSON
  Parameters: {"task"=>{"content"=>"finish the 3 remaning tests"}}
  [1m[35m (0.1ms)[0m  [1m[34mSELECT sqlite_version(*)[0m
  [1m[36mTRANSACTION (0.0ms)[0m  [1m[36mbegin transaction[0m
  [1m[36mTask Create (0.3ms)[0m  [1m[32mINSERT INTO "tasks" ("created_at", "updated_at", "content") VALUES (?, ?, ?)[0m  [["created_at", "2022-07-19 11:57:39.059935"], ["updated_at", "2022-07-19 11:57:39.059935"], ["content", "finish the 3 remaning tests"]]
  [1m[36mTRANSACTION (2.2ms)[0m  [1m[36mcommit transaction[0m
  Rendering tasks/create.jbuilder
  Rendered tasks/create.jbuilder (Duration: 0.9ms | Allocations: 1091)
Completed 200 OK in 13ms (Views: 2.7ms | ActiveRecord: 3.2ms | Allocations: 9602)


Started POST "/tasks" for 127.0.0.1 at 2022-07-19 19:57:45 +0800
Processing by TasksController#create as JSON
  Parameters: {"task"=>{"content"=>"oh it works"}}
  [1m[36mTRANSACTION (0.0ms)[0m  [1m[36mbegin transaction[0m
  [1m[36mTask Create (0.3ms)[0m  [1m[32mINSERT INTO "tasks" ("created_at", "updated_at", "content") VALUES (?, ?, ?)[0m  [["created_at", "2022-07-19 11:57:45.789318"], ["updated_at", "2022-07-19 11:57:45.789318"], ["content", "oh it works"]]
  [1m[36mTRANSACTION (10.6ms)[0m  [1m[36mcommit transaction[0m
  Rendering tasks/create.jbuilder
  Rendered tasks/create.jbuilder (Duration: 0.1ms | Allocations: 81)
Completed 200 OK in 15ms (Views: 1.6ms | ActiveRecord: 10.9ms | Allocations: 3489)


Started GET "/" for 127.0.0.1 at 2022-07-19 19:57:50 +0800
Processing by HomepageController#index as HTML
  Rendering layout layouts/application.html.erb
  Rendering homepage/index.html within layouts/application
  Rendered homepage/index.html within layouts/application (Duration: 0.7ms | Allocations: 85)
  Rendered layout layouts/application.html.erb (Duration: 24.1ms | Allocations: 10998)
Completed 200 OK in 29ms (Views: 26.7ms | ActiveRecord: 0.0ms | Allocations: 12254)


Started GET "/tasks" for 127.0.0.1 at 2022-07-19 19:57:50 +0800
Processing by TasksController#index as JSON
  Rendering tasks/index.jbuilder
  [1m[36mTask Load (0.2ms)[0m  [1m[34mSELECT "tasks".* FROM "tasks"[0m
  Rendered tasks/index.jbuilder (Duration: 1.6ms | Allocations: 593)
Completed 200 OK in 4ms (Views: 2.6ms | ActiveRecord: 0.2ms | Allocations: 1331)


Started DELETE "/tasks/2" for 127.0.0.1 at 2022-07-19 20:02:29 +0800
Processing by TasksController#destroy as JSON
  Parameters: {"id"=>"2"}
No template found for TasksController#destroy, rendering head :no_content
Completed 204 No Content in 2ms (Allocations: 1031)


Started DELETE "/tasks/2" for 127.0.0.1 at 2022-07-19 20:02:30 +0800
Processing by TasksController#destroy as JSON
  Parameters: {"id"=>"2"}
No template found for TasksController#destroy, rendering head :no_content
Completed 204 No Content in 2ms (Allocations: 359)


Started PUT "/tasks/2/mark_complete" for 127.0.0.1 at 2022-07-19 20:48:04 +0800
Processing by TasksController#mark_complete as JSON
  Parameters: {"id"=>"2"}
  [1m[35m (0.1ms)[0m  [1m[34mSELECT sqlite_version(*)[0m
  [1m[36mTask Load (0.1ms)[0m  [1m[34mSELECT "tasks".* FROM "tasks" WHERE "tasks"."id" = ? LIMIT ?[0m  [["id", 2], ["LIMIT", 1]]
  [1m[36mTRANSACTION (0.1ms)[0m  [1m[36mbegin transaction[0m
  [1m[36mTask Update (0.3ms)[0m  [1m[33mUPDATE "tasks" SET "updated_at" = ?, "completed" = ? WHERE "tasks"."id" = ?[0m  [["updated_at", "2022-07-19 12:48:04.293107"], ["completed", 1], ["id", 2]]
  [1m[36mTRANSACTION (2.5ms)[0m  [1m[36mcommit transaction[0m
  Rendering tasks/mark_complete.jbuilder
  Rendered tasks/mark_complete.jbuilder (Duration: 6.1ms | Allocations: 5854)
Completed 500 Internal Server Error in 20ms (ActiveRecord: 3.5ms | Allocations: 13936)


  
ActionView::Template::Error (undefined local variable or method `task' for #<ActionView::Base:0x000000000085e8>
Did you mean?  @task):
    1: json.task do
    2:     json.id         task.id
    3:     json.content    task.content
    4:     json.completed  task.completed
    5:     json.created_at task.created_at
  
app/views/tasks/mark_complete.jbuilder:2
app/views/tasks/mark_complete.jbuilder:1
app/controllers/tasks_controller.rb:30:in `mark_complete'
Started PUT "/tasks/1/mark_complete" for 127.0.0.1 at 2022-07-19 20:55:14 +0800
Processing by TasksController#mark_complete as JSON
  Parameters: {"id"=>"1"}
  [1m[35m (0.1ms)[0m  [1m[34mSELECT sqlite_version(*)[0m
  [1m[36mTask Load (0.1ms)[0m  [1m[34mSELECT "tasks".* FROM "tasks" WHERE "tasks"."id" = ? LIMIT ?[0m  [["id", 1], ["LIMIT", 1]]
  [1m[36mTRANSACTION (0.0ms)[0m  [1m[36mbegin transaction[0m
  [1m[36mTask Update (0.1ms)[0m  [1m[33mUPDATE "tasks" SET "updated_at" = ?, "completed" = ? WHERE "tasks"."id" = ?[0m  [["updated_at", "2022-07-19 12:55:14.312237"], ["completed", 1], ["id", 1]]
  [1m[36mTRANSACTION (1.8ms)[0m  [1m[36mcommit transaction[0m
  Rendering tasks/update.jbuilder
  Rendered tasks/update.jbuilder (Duration: 1.7ms | Allocations: 235)
Completed 200 OK in 15ms (Views: 3.9ms | ActiveRecord: 2.4ms | Allocations: 8299)


Started PUT "/tasks/1/mark_active" for 127.0.0.1 at 2022-07-19 20:55:15 +0800
Processing by TasksController#mark_active as JSON
  Parameters: {"id"=>"1"}
  [1m[36mTask Load (0.3ms)[0m  [1m[34mSELECT "tasks".* FROM "tasks" WHERE "tasks"."id" = ? LIMIT ?[0m  [["id", 1], ["LIMIT", 1]]
  [1m[36mTRANSACTION (0.1ms)[0m  [1m[36mbegin transaction[0m
  [1m[36mTask Update (0.6ms)[0m  [1m[33mUPDATE "tasks" SET "updated_at" = ?, "completed" = ? WHERE "tasks"."id" = ?[0m  [["updated_at", "2022-07-19 12:55:15.845075"], ["completed", 0], ["id", 1]]
  [1m[36mTRANSACTION (7.8ms)[0m  [1m[36mcommit transaction[0m
  Rendering tasks/update.jbuilder
  Rendered tasks/update.jbuilder (Duration: 0.2ms | Allocations: 100)
Completed 200 OK in 17ms (Views: 0.5ms | ActiveRecord: 8.7ms | Allocations: 2102)


Started PUT "/tasks/2/mark_complete" for 127.0.0.1 at 2022-07-19 20:55:16 +0800
Processing by TasksController#mark_complete as JSON
  Parameters: {"id"=>"2"}
  [1m[36mTask Load (0.3ms)[0m  [1m[34mSELECT "tasks".* FROM "tasks" WHERE "tasks"."id" = ? LIMIT ?[0m  [["id", 2], ["LIMIT", 1]]
  Rendering tasks/update.jbuilder
  Rendered tasks/update.jbuilder (Duration: 0.6ms | Allocations: 99)
Completed 200 OK in 7ms (Views: 1.9ms | ActiveRecord: 0.3ms | Allocations: 872)


Started PUT "/tasks/2/mark_active" for 127.0.0.1 at 2022-07-19 20:55:17 +0800
Processing by TasksController#mark_active as JSON
  Parameters: {"id"=>"2"}
  [1m[36mTask Load (0.2ms)[0m  [1m[34mSELECT "tasks".* FROM "tasks" WHERE "tasks"."id" = ? LIMIT ?[0m  [["id", 2], ["LIMIT", 1]]
  [1m[36mTRANSACTION (0.1ms)[0m  [1m[36mbegin transaction[0m
  [1m[36mTask Update (0.5ms)[0m  [1m[33mUPDATE "tasks" SET "updated_at" = ?, "completed" = ? WHERE "tasks"."id" = ?[0m  [["updated_at", "2022-07-19 12:55:17.355415"], ["completed", 0], ["id", 2]]
  [1m[36mTRANSACTION (2.8ms)[0m  [1m[36mcommit transaction[0m
  Rendering tasks/update.jbuilder
  Rendered tasks/update.jbuilder (Duration: 0.1ms | Allocations: 99)
Completed 200 OK in 12ms (Views: 0.8ms | ActiveRecord: 3.6ms | Allocations: 2267)


Started DELETE "/tasks/1" for 127.0.0.1 at 2022-07-19 20:55:18 +0800
Processing by TasksController#destroy as JSON
  Parameters: {"id"=>"1"}
  [1m[36mTask Load (0.2ms)[0m  [1m[34mSELECT "tasks".* FROM "tasks" WHERE "tasks"."id" = ? LIMIT ?[0m  [["id", 1], ["LIMIT", 1]]
  [1m[36mTRANSACTION (0.1ms)[0m  [1m[36mbegin transaction[0m
  [1m[36mTask Destroy (0.1ms)[0m  [1m[31mDELETE FROM "tasks" WHERE "tasks"."id" = ?[0m  [["id", 1]]
  [1m[36mTRANSACTION (2.0ms)[0m  [1m[36mcommit transaction[0m
Completed 200 OK in 4ms (Views: 0.1ms | ActiveRecord: 2.4ms | Allocations: 1494)


Started DELETE "/tasks/2" for 127.0.0.1 at 2022-07-19 20:55:19 +0800
Processing by TasksController#destroy as JSON
  Parameters: {"id"=>"2"}
  [1m[36mTask Load (0.2ms)[0m  [1m[34mSELECT "tasks".* FROM "tasks" WHERE "tasks"."id" = ? LIMIT ?[0m  [["id", 2], ["LIMIT", 1]]
  [1m[36mTRANSACTION (0.0ms)[0m  [1m[36mbegin transaction[0m
  [1m[36mTask Destroy (0.2ms)[0m  [1m[31mDELETE FROM "tasks" WHERE "tasks"."id" = ?[0m  [["id", 2]]
  [1m[36mTRANSACTION (2.0ms)[0m  [1m[36mcommit transaction[0m
Completed 200 OK in 7ms (Views: 0.2ms | ActiveRecord: 2.5ms | Allocations: 1800)


Started POST "/tasks" for 127.0.0.1 at 2022-07-19 20:55:24 +0800
Processing by TasksController#create as JSON
  Parameters: {"task"=>{"content"=>"I like this one"}}
  [1m[36mTRANSACTION (0.1ms)[0m  [1m[36mbegin transaction[0m
  [1m[36mTask Create (1.0ms)[0m  [1m[32mINSERT INTO "tasks" ("created_at", "updated_at", "content") VALUES (?, ?, ?)[0m  [["created_at", "2022-07-19 12:55:24.898648"], ["updated_at", "2022-07-19 12:55:24.898648"], ["content", "I like this one"]]
  [1m[36mTRANSACTION (2.7ms)[0m  [1m[36mcommit transaction[0m
  Rendering tasks/create.jbuilder
  Rendered tasks/create.jbuilder (Duration: 0.4ms | Allocations: 145)
Completed 200 OK in 12ms (Views: 1.9ms | ActiveRecord: 3.9ms | Allocations: 3537)


Started POST "/tasks" for 127.0.0.1 at 2022-07-19 20:55:28 +0800
Processing by TasksController#create as JSON
  Parameters: {"task"=>{"content"=>"yeah me too"}}
  [1m[36mTRANSACTION (0.0ms)[0m  [1m[36mbegin transaction[0m
  [1m[36mTask Create (0.1ms)[0m  [1m[32mINSERT INTO "tasks" ("created_at", "updated_at", "content") VALUES (?, ?, ?)[0m  [["created_at", "2022-07-19 12:55:28.052260"], ["updated_at", "2022-07-19 12:55:28.052260"], ["content", "yeah me too"]]
  [1m[36mTRANSACTION (1.9ms)[0m  [1m[36mcommit transaction[0m
  Rendering tasks/create.jbuilder
  Rendered tasks/create.jbuilder (Duration: 0.2ms | Allocations: 80)
Completed 200 OK in 5ms (Views: 1.3ms | ActiveRecord: 2.1ms | Allocations: 3265)


Started PUT "/tasks/3/mark_complete" for 127.0.0.1 at 2022-07-19 20:55:30 +0800
Processing by TasksController#mark_complete as JSON
  Parameters: {"id"=>"3"}
  [1m[36mTask Load (0.3ms)[0m  [1m[34mSELECT "tasks".* FROM "tasks" WHERE "tasks"."id" = ? LIMIT ?[0m  [["id", 3], ["LIMIT", 1]]
  [1m[36mTRANSACTION (0.1ms)[0m  [1m[36mbegin transaction[0m
  [1m[36mTask Update (0.5ms)[0m  [1m[33mUPDATE "tasks" SET "updated_at" = ?, "completed" = ? WHERE "tasks"."id" = ?[0m  [["updated_at", "2022-07-19 12:55:30.083743"], ["completed", 1], ["id", 3]]
  [1m[36mTRANSACTION (2.8ms)[0m  [1m[36mcommit transaction[0m
  Rendering tasks/update.jbuilder
  Rendered tasks/update.jbuilder (Duration: 0.1ms | Allocations: 99)
Completed 200 OK in 12ms (Views: 1.3ms | ActiveRecord: 3.8ms | Allocations: 3372)


Started PUT "/tasks/3/mark_active" for 127.0.0.1 at 2022-07-19 20:55:31 +0800
Processing by TasksController#mark_active as JSON
  Parameters: {"id"=>"3"}
  [1m[36mTask Load (0.2ms)[0m  [1m[34mSELECT "tasks".* FROM "tasks" WHERE "tasks"."id" = ? LIMIT ?[0m  [["id", 3], ["LIMIT", 1]]
  [1m[36mTRANSACTION (0.1ms)[0m  [1m[36mbegin transaction[0m
  [1m[36mTask Update (0.5ms)[0m  [1m[33mUPDATE "tasks" SET "updated_at" = ?, "completed" = ? WHERE "tasks"."id" = ?[0m  [["updated_at", "2022-07-19 12:55:31.508175"], ["completed", 0], ["id", 3]]
  [1m[36mTRANSACTION (9.4ms)[0m  [1m[36mcommit transaction[0m
  Rendering tasks/update.jbuilder
  Rendered tasks/update.jbuilder (Duration: 0.1ms | Allocations: 99)
Completed 200 OK in 18ms (Views: 0.9ms | ActiveRecord: 10.2ms | Allocations: 3380)


Started PUT "/tasks/4/mark_complete" for 127.0.0.1 at 2022-07-19 20:55:32 +0800
Processing by TasksController#mark_complete as JSON
  Parameters: {"id"=>"4"}
  [1m[36mTask Load (0.2ms)[0m  [1m[34mSELECT "tasks".* FROM "tasks" WHERE "tasks"."id" = ? LIMIT ?[0m  [["id", 4], ["LIMIT", 1]]
  [1m[36mTRANSACTION (0.1ms)[0m  [1m[36mbegin transaction[0m
  [1m[36mTask Update (0.6ms)[0m  [1m[33mUPDATE "tasks" SET "updated_at" = ?, "completed" = ? WHERE "tasks"."id" = ?[0m  [["updated_at", "2022-07-19 12:55:32.443025"], ["completed", 1], ["id", 4]]
  [1m[36mTRANSACTION (14.3ms)[0m  [1m[36mcommit transaction[0m
  Rendering tasks/update.jbuilder
  Rendered tasks/update.jbuilder (Duration: 0.2ms | Allocations: 99)
Completed 200 OK in 36ms (Views: 1.8ms | ActiveRecord: 15.3ms | Allocations: 3378)


Started PUT "/tasks/3/mark_complete" for 127.0.0.1 at 2022-07-19 20:55:33 +0800
Processing by TasksController#mark_complete as JSON
  Parameters: {"id"=>"3"}
  [1m[36mTask Load (0.3ms)[0m  [1m[34mSELECT "tasks".* FROM "tasks" WHERE "tasks"."id" = ? LIMIT ?[0m  [["id", 3], ["LIMIT", 1]]
  [1m[36mTRANSACTION (0.1ms)[0m  [1m[36mbegin transaction[0m
  [1m[36mTask Update (0.9ms)[0m  [1m[33mUPDATE "tasks" SET "updated_at" = ?, "completed" = ? WHERE "tasks"."id" = ?[0m  [["updated_at", "2022-07-19 12:55:33.051223"], ["completed", 1], ["id", 3]]
  [1m[36mTRANSACTION (3.2ms)[0m  [1m[36mcommit transaction[0m
  Rendering tasks/update.jbuilder
  Rendered tasks/update.jbuilder (Duration: 0.4ms | Allocations: 99)
Completed 200 OK in 13ms (Views: 2.7ms | ActiveRecord: 4.4ms | Allocations: 3411)


Started PUT "/tasks/4/mark_active" for 127.0.0.1 at 2022-07-19 20:55:33 +0800
Processing by TasksController#mark_active as JSON
  Parameters: {"id"=>"4"}
  [1m[36mTask Load (0.1ms)[0m  [1m[34mSELECT "tasks".* FROM "tasks" WHERE "tasks"."id" = ? LIMIT ?[0m  [["id", 4], ["LIMIT", 1]]
  [1m[36mTRANSACTION (0.0ms)[0m  [1m[36mbegin transaction[0m
  [1m[36mTask Update (0.1ms)[0m  [1m[33mUPDATE "tasks" SET "updated_at" = ?, "completed" = ? WHERE "tasks"."id" = ?[0m  [["updated_at", "2022-07-19 12:55:33.566470"], ["completed", 0], ["id", 4]]
  [1m[36mTRANSACTION (1.7ms)[0m  [1m[36mcommit transaction[0m
  Rendering tasks/update.jbuilder
  Rendered tasks/update.jbuilder (Duration: 0.2ms | Allocations: 104)
Completed 200 OK in 5ms (Views: 1.2ms | ActiveRecord: 1.9ms | Allocations: 2748)


Started PUT "/tasks/3/mark_active" for 127.0.0.1 at 2022-07-19 20:55:34 +0800
Processing by TasksController#mark_active as JSON
  Parameters: {"id"=>"3"}
  [1m[36mTask Load (0.3ms)[0m  [1m[34mSELECT "tasks".* FROM "tasks" WHERE "tasks"."id" = ? LIMIT ?[0m  [["id", 3], ["LIMIT", 1]]
  [1m[36mTRANSACTION (0.1ms)[0m  [1m[36mbegin transaction[0m
  [1m[36mTask Update (0.6ms)[0m  [1m[33mUPDATE "tasks" SET "updated_at" = ?, "completed" = ? WHERE "tasks"."id" = ?[0m  [["updated_at", "2022-07-19 12:55:34.148940"], ["completed", 0], ["id", 3]]
  [1m[36mTRANSACTION (8.4ms)[0m  [1m[36mcommit transaction[0m
  Rendering tasks/update.jbuilder
  Rendered tasks/update.jbuilder (Duration: 0.1ms | Allocations: 99)
Completed 200 OK in 18ms (Views: 1.5ms | ActiveRecord: 9.5ms | Allocations: 3359)


  [1m[35m (0.7ms)[0m  [1m[34mSELECT sqlite_version(*)[0m
  [1m[36mTask Load (0.1ms)[0m  [1m[34mSELECT "tasks".* FROM "tasks"[0m
Started PUT "/tasks/3/mark_complete" for 127.0.0.1 at 2022-07-19 20:56:20 +0800
Processing by TasksController#mark_complete as JSON
  Parameters: {"id"=>"3"}
  [1m[36mTask Load (0.1ms)[0m  [1m[34mSELECT "tasks".* FROM "tasks" WHERE "tasks"."id" = ? LIMIT ?[0m  [["id", 3], ["LIMIT", 1]]
  [1m[36mTRANSACTION (0.0ms)[0m  [1m[36mbegin transaction[0m
  [1m[36mTask Update (0.1ms)[0m  [1m[33mUPDATE "tasks" SET "updated_at" = ?, "completed" = ? WHERE "tasks"."id" = ?[0m  [["updated_at", "2022-07-19 12:56:20.817740"], ["completed", 1], ["id", 3]]
  [1m[36mTRANSACTION (1.5ms)[0m  [1m[36mcommit transaction[0m
  Rendering tasks/update.jbuilder
  Rendered tasks/update.jbuilder (Duration: 0.6ms | Allocations: 771)
Completed 200 OK in 5ms (Views: 1.1ms | ActiveRecord: 1.8ms | Allocations: 3368)


  [1m[36mTask Load (0.1ms)[0m  [1m[34mSELECT "tasks".* FROM "tasks"[0m
  [1m[36mTask Load (0.1ms)[0m  [1m[34mSELECT "tasks".* FROM "tasks" WHERE "tasks"."id" = ? LIMIT ?[0m  [["id", 1], ["LIMIT", 1]]
  [1m[36mTask Load (0.1ms)[0m  [1m[34mSELECT "tasks".* FROM "tasks" ORDER BY "tasks"."id" ASC LIMIT ?[0m  [["LIMIT", 1]]
  [1m[36mTask Load (0.1ms)[0m  [1m[34mSELECT "tasks".* FROM "tasks" WHERE "tasks"."id" = ? LIMIT ?[0m  [["id", 2], ["LIMIT", 1]]
  [1m[36mTask Load (0.2ms)[0m  [1m[34mSELECT "tasks".* FROM "tasks" WHERE "tasks"."id" = ? LIMIT ?[0m  [["id", 0], ["LIMIT", 1]]
Started GET "/" for 127.0.0.1 at 2022-07-19 21:00:24 +0800
  [1m[35m (0.7ms)[0m  [1m[34mSELECT sqlite_version(*)[0m
  [1m[35m (0.1ms)[0m  [1m[34mSELECT "schema_migrations"."version" FROM "schema_migrations" ORDER BY "schema_migrations"."version" ASC[0m
Processing by HomepageController#index as HTML
  Rendering layout layouts/application.html.erb
  Rendering homepage/index.html within layouts/application
  Rendered homepage/index.html within layouts/application (Duration: 0.4ms | Allocations: 276)
Started GET "/admin" for 127.0.0.1 at 2022-07-19 21:01:30 +0800
  [1m[35m (0.7ms)[0m  [1m[34mSELECT sqlite_version(*)[0m
  [1m[35m (0.1ms)[0m  [1m[34mSELECT "schema_migrations"."version" FROM "schema_migrations" ORDER BY "schema_migrations"."version" ASC[0m
Processing by RailsAdmin::MainController#dashboard as HTML
  [1m[35m (0.1ms)[0m  [1m[34mSELECT COUNT(*) FROM "tasks"[0m
  [1m[36mTask Load (0.1ms)[0m  [1m[34mSELECT "tasks".* FROM "tasks" ORDER BY "tasks"."id" DESC LIMIT ?[0m  [["LIMIT", 1]]
  Rendering layout /home/ishoboy/.rbenv/versions/3.1.2/lib/ruby/gems/3.1.0/gems/rails_admin-2.2.1/app/views/layouts/rails_admin/application.html.haml
  Rendering /home/ishoboy/.rbenv/versions/3.1.2/lib/ruby/gems/3.1.0/gems/rails_admin-2.2.1/app/views/rails_admin/main/dashboard.html.haml within layouts/rails_admin/application
  Rendered /home/ishoboy/.rbenv/versions/3.1.2/lib/ruby/gems/3.1.0/gems/rails_admin-2.2.1/app/views/rails_admin/main/dashboard.html.haml within layouts/rails_admin/application (Duration: 10.2ms | Allocations: 14990)
  Rendered /home/ishoboy/.rbenv/versions/3.1.2/lib/ruby/gems/3.1.0/gems/rails_admin-2.2.1/app/views/layouts/rails_admin/_head.html.haml (Duration: 1866.4ms | Allocations: 541509)
  Rendered /home/ishoboy/.rbenv/versions/3.1.2/lib/ruby/gems/3.1.0/gems/rails_admin-2.2.1/app/views/layouts/rails_admin/_secondary_navigation.html.haml (Duration: 3.5ms | Allocations: 3774)
  Rendered /home/ishoboy/.rbenv/versions/3.1.2/lib/ruby/gems/3.1.0/gems/rails_admin-2.2.1/app/views/layouts/rails_admin/_navigation.html.haml (Duration: 6.7ms | Allocations: 9363)
  Rendered /home/ishoboy/.rbenv/versions/3.1.2/lib/ruby/gems/3.1.0/gems/rails_admin-2.2.1/app/views/layouts/rails_admin/_sidebar_navigation.html.haml (Duration: 2.0ms | Allocations: 2539)
  Rendering /home/ishoboy/.rbenv/versions/3.1.2/lib/ruby/gems/3.1.0/gems/rails_admin-2.2.1/app/views/layouts/rails_admin/pjax.html.haml
  Rendered /home/ishoboy/.rbenv/versions/3.1.2/lib/ruby/gems/3.1.0/gems/rails_admin-2.2.1/app/views/layouts/rails_admin/pjax.html.haml (Duration: 2.8ms | Allocations: 5032)
  Rendered layout /home/ishoboy/.rbenv/versions/3.1.2/lib/ruby/gems/3.1.0/gems/rails_admin-2.2.1/app/views/layouts/rails_admin/application.html.haml (Duration: 1901.4ms | Allocations: 580943)
Completed 200 OK in 1987ms (Views: 1904.3ms | ActiveRecord: 0.5ms | Allocations: 633035)


Started GET "/" for 127.0.0.1 at 2022-07-19 21:01:41 +0800
Processing by HomepageController#index as HTML
  Rendering layout layouts/application.html.erb
  Rendering homepage/index.html within layouts/application
  Rendered homepage/index.html within layouts/application (Duration: 0.2ms | Allocations: 82)
  Rendered layout layouts/application.html.erb (Duration: 10.7ms | Allocations: 9786)
Completed 200 OK in 13ms (Views: 11.9ms | ActiveRecord: 0.0ms | Allocations: 11324)


Started GET "/tasks" for 127.0.0.1 at 2022-07-19 21:01:42 +0800
Processing by TasksController#index as JSON
  Rendering tasks/index.jbuilder
  [1m[36mTask Load (0.1ms)[0m  [1m[34mSELECT "tasks".* FROM "tasks"[0m
  Rendered tasks/index.jbuilder (Duration: 1.1ms | Allocations: 635)
Completed 200 OK in 4ms (Views: 3.5ms | ActiveRecord: 0.1ms | Allocations: 2504)


Started PUT "/tasks/3/mark_active" for 127.0.0.1 at 2022-07-19 21:01:53 +0800
Processing by TasksController#mark_active as JSON
  Parameters: {"id"=>"3"}
  [1m[36mTask Load (0.5ms)[0m  [1m[34mSELECT "tasks".* FROM "tasks" WHERE "tasks"."id" = ? LIMIT ?[0m  [["id", 3], ["LIMIT", 1]]
  [1m[36mTRANSACTION (0.2ms)[0m  [1m[36mbegin transaction[0m
  [1m[36mTask Update (0.6ms)[0m  [1m[33mUPDATE "tasks" SET "updated_at" = ?, "completed" = ? WHERE "tasks"."id" = ?[0m  [["updated_at", "2022-07-19 13:01:53.472877"], ["completed", 0], ["id", 3]]
  [1m[36mTRANSACTION (3.0ms)[0m  [1m[36mcommit transaction[0m
  Rendering tasks/update.jbuilder
  Rendered tasks/update.jbuilder (Duration: 1.3ms | Allocations: 887)
Completed 200 OK in 24ms (Views: 3.4ms | ActiveRecord: 4.3ms | Allocations: 5463)


Started POST "/tasks" for 127.0.0.1 at 2022-07-19 21:01:59 +0800
Processing by TasksController#create as JSON
  Parameters: {"task"=>{"content"=>"another one"}}
  [1m[36mTRANSACTION (0.0ms)[0m  [1m[36mbegin transaction[0m
  [1m[36mTask Create (0.2ms)[0m  [1m[32mINSERT INTO "tasks" ("created_at", "updated_at", "content") VALUES (?, ?, ?)[0m  [["created_at", "2022-07-19 13:01:59.783237"], ["updated_at", "2022-07-19 13:01:59.783237"], ["content", "another one"]]
  [1m[36mTRANSACTION (1.9ms)[0m  [1m[36mcommit transaction[0m
  Rendering tasks/create.jbuilder
  Rendered tasks/create.jbuilder (Duration: 0.3ms | Allocations: 186)
Completed 200 OK in 7ms (Views: 1.9ms | ActiveRecord: 2.2ms | Allocations: 4078)


Started GET "/admin" for 127.0.0.1 at 2022-07-19 21:02:03 +0800
Processing by RailsAdmin::MainController#dashboard as HTML
  [1m[35m (0.5ms)[0m  [1m[34mSELECT COUNT(*) FROM "tasks"[0m
  [1m[36mTask Load (0.2ms)[0m  [1m[34mSELECT "tasks".* FROM "tasks" ORDER BY "tasks"."id" DESC LIMIT ?[0m  [["LIMIT", 1]]
  Rendering layout /home/ishoboy/.rbenv/versions/3.1.2/lib/ruby/gems/3.1.0/gems/rails_admin-2.2.1/app/views/layouts/rails_admin/application.html.haml
  Rendering /home/ishoboy/.rbenv/versions/3.1.2/lib/ruby/gems/3.1.0/gems/rails_admin-2.2.1/app/views/rails_admin/main/dashboard.html.haml within layouts/rails_admin/application
  Rendered /home/ishoboy/.rbenv/versions/3.1.2/lib/ruby/gems/3.1.0/gems/rails_admin-2.2.1/app/views/rails_admin/main/dashboard.html.haml within layouts/rails_admin/application (Duration: 8.0ms | Allocations: 1442)
  Rendered /home/ishoboy/.rbenv/versions/3.1.2/lib/ruby/gems/3.1.0/gems/rails_admin-2.2.1/app/views/layouts/rails_admin/_head.html.haml (Duration: 27.1ms | Allocations: 33880)
  Rendered /home/ishoboy/.rbenv/versions/3.1.2/lib/ruby/gems/3.1.0/gems/rails_admin-2.2.1/app/views/layouts/rails_admin/_secondary_navigation.html.haml (Duration: 0.7ms | Allocations: 309)
  Rendered /home/ishoboy/.rbenv/versions/3.1.2/lib/ruby/gems/3.1.0/gems/rails_admin-2.2.1/app/views/layouts/rails_admin/_navigation.html.haml (Duration: 1.4ms | Allocations: 507)
  Rendered /home/ishoboy/.rbenv/versions/3.1.2/lib/ruby/gems/3.1.0/gems/rails_admin-2.2.1/app/views/layouts/rails_admin/_sidebar_navigation.html.haml (Duration: 0.6ms | Allocations: 501)
  Rendering /home/ishoboy/.rbenv/versions/3.1.2/lib/ruby/gems/3.1.0/gems/rails_admin-2.2.1/app/views/layouts/rails_admin/pjax.html.haml
  Rendered /home/ishoboy/.rbenv/versions/3.1.2/lib/ruby/gems/3.1.0/gems/rails_admin-2.2.1/app/views/layouts/rails_admin/pjax.html.haml (Duration: 5.6ms | Allocations: 560)
  Rendered layout /home/ishoboy/.rbenv/versions/3.1.2/lib/ruby/gems/3.1.0/gems/rails_admin-2.2.1/app/views/layouts/rails_admin/application.html.haml (Duration: 44.4ms | Allocations: 37495)
Completed 200 OK in 53ms (Views: 45.7ms | ActiveRecord: 0.7ms | Allocations: 38702)


Started PUT "/tasks/3/mark_complete" for 127.0.0.1 at 2022-07-19 21:02:08 +0800
Processing by TasksController#mark_complete as JSON
  Parameters: {"id"=>"3"}
  [1m[36mTask Load (0.1ms)[0m  [1m[34mSELECT "tasks".* FROM "tasks" WHERE "tasks"."id" = ? LIMIT ?[0m  [["id", 3], ["LIMIT", 1]]
  [1m[36mTRANSACTION (0.0ms)[0m  [1m[36mbegin transaction[0m
  [1m[36mTask Update (0.2ms)[0m  [1m[33mUPDATE "tasks" SET "updated_at" = ?, "completed" = ? WHERE "tasks"."id" = ?[0m  [["updated_at", "2022-07-19 13:02:08.070604"], ["completed", 1], ["id", 3]]
  [1m[36mTRANSACTION (1.8ms)[0m  [1m[36mcommit transaction[0m
  Rendering tasks/update.jbuilder
  Rendered tasks/update.jbuilder (Duration: 0.2ms | Allocations: 114)
Completed 200 OK in 6ms (Views: 1.5ms | ActiveRecord: 2.1ms | Allocations: 3693)


Started GET "/admin/task?_pjax=%5Bdata-pjax-container%5D" for 127.0.0.1 at 2022-07-19 21:02:56 +0800
Processing by RailsAdmin::MainController#index as HTML
  Parameters: {"_pjax"=>"[data-pjax-container]", "model_name"=>"task"}
  Rendering layout /home/ishoboy/.rbenv/versions/3.1.2/lib/ruby/gems/3.1.0/gems/rails_admin-2.2.1/app/views/layouts/rails_admin/pjax.html.haml
  Rendering /home/ishoboy/.rbenv/versions/3.1.2/lib/ruby/gems/3.1.0/gems/rails_admin-2.2.1/app/views/rails_admin/main/index.html.haml within layouts/rails_admin/pjax
  [1m[36mTask Load (0.3ms)[0m  [1m[34mSELECT "tasks".* FROM "tasks" ORDER BY tasks.id desc LIMIT ? OFFSET ?[0m  [["LIMIT", 20], ["OFFSET", 0]]
  Rendered /home/ishoboy/.rbenv/versions/3.1.2/lib/ruby/gems/3.1.0/gems/rails_admin-2.2.1/app/views/rails_admin/main/index.html.haml within layouts/rails_admin/pjax (Duration: 46.2ms | Allocations: 50124)
  Rendered layout /home/ishoboy/.rbenv/versions/3.1.2/lib/ruby/gems/3.1.0/gems/rails_admin-2.2.1/app/views/layouts/rails_admin/pjax.html.haml (Duration: 48.0ms | Allocations: 52014)
Completed 200 OK in 54ms (Views: 49.0ms | ActiveRecord: 0.3ms | Allocations: 54023)


Started GET "/admin/task/new?_pjax=%5Bdata-pjax-container%5D" for 127.0.0.1 at 2022-07-19 21:03:24 +0800
Processing by RailsAdmin::MainController#new as HTML
  Parameters: {"_pjax"=>"[data-pjax-container]", "model_name"=>"task"}
  Rendering layout /home/ishoboy/.rbenv/versions/3.1.2/lib/ruby/gems/3.1.0/gems/rails_admin-2.2.1/app/views/layouts/rails_admin/pjax.html.haml
  Rendering /home/ishoboy/.rbenv/versions/3.1.2/lib/ruby/gems/3.1.0/gems/rails_admin-2.2.1/app/views/rails_admin/main/new.html.haml within layouts/rails_admin/pjax
  Rendered /home/ishoboy/.rbenv/versions/3.1.2/lib/ruby/gems/3.1.0/gems/rails_admin-2.2.1/app/views/rails_admin/main/_form_field.html.haml (Duration: 4.1ms | Allocations: 1904)
  Rendered /home/ishoboy/.rbenv/versions/3.1.2/lib/ruby/gems/3.1.0/gems/rails_admin-2.2.1/app/views/rails_admin/main/_form_boolean.html.haml (Duration: 3.6ms | Allocations: 2752)
  Rendered /home/ishoboy/.rbenv/versions/3.1.2/lib/ruby/gems/3.1.0/gems/rails_admin-2.2.1/app/views/rails_admin/main/_submit_buttons.html.haml (Duration: 7.1ms | Allocations: 10545)
  Rendered /home/ishoboy/.rbenv/versions/3.1.2/lib/ruby/gems/3.1.0/gems/rails_admin-2.2.1/app/views/rails_admin/main/new.html.haml within layouts/rails_admin/pjax (Duration: 28.4ms | Allocations: 20468)
  Rendered layout /home/ishoboy/.rbenv/versions/3.1.2/lib/ruby/gems/3.1.0/gems/rails_admin-2.2.1/app/views/layouts/rails_admin/pjax.html.haml (Duration: 31.3ms | Allocations: 22844)
Completed 200 OK in 38ms (Views: 34.5ms | ActiveRecord: 0.0ms | Allocations: 24186)


Started POST "/admin/task/new" for 127.0.0.1 at 2022-07-19 21:03:33 +0800
Processing by RailsAdmin::MainController#new as HTML
  Parameters: {"authenticity_token"=>"zTpSg93D+P9BvmNdHkYKXIdP1q+0p6PZGwAyBS4cajMq6jJb9H7i/SE7xZtezhHVdIkgPmYhjnYBtagCULTrXA==", "task"=>{"content"=>"try", "completed"=>"0"}, "return_to"=>"http://localhost:3000/admin/task", "_save"=>"", "model_name"=>"task"}
  [1m[36mTRANSACTION (0.1ms)[0m  [1m[36mbegin transaction[0m
  [1m[36mTask Create (0.2ms)[0m  [1m[32mINSERT INTO "tasks" ("created_at", "updated_at", "content") VALUES (?, ?, ?)[0m  [["created_at", "2022-07-19 13:03:33.870638"], ["updated_at", "2022-07-19 13:03:33.870638"], ["content", "try"]]
  [1m[36mTRANSACTION (5.9ms)[0m  [1m[36mcommit transaction[0m
Redirected to http://localhost:3000/admin/task
Completed 302 Found in 10ms (ActiveRecord: 6.2ms | Allocations: 3688)


Started GET "/admin/task" for 127.0.0.1 at 2022-07-19 21:03:33 +0800
Processing by RailsAdmin::MainController#index as HTML
  Parameters: {"model_name"=>"task"}
  Rendering layout /home/ishoboy/.rbenv/versions/3.1.2/lib/ruby/gems/3.1.0/gems/rails_admin-2.2.1/app/views/layouts/rails_admin/application.html.haml
  Rendering /home/ishoboy/.rbenv/versions/3.1.2/lib/ruby/gems/3.1.0/gems/rails_admin-2.2.1/app/views/rails_admin/main/index.html.haml within layouts/rails_admin/application
  [1m[36mTask Load (0.1ms)[0m  [1m[34mSELECT "tasks".* FROM "tasks" ORDER BY tasks.id desc LIMIT ? OFFSET ?[0m  [["LIMIT", 20], ["OFFSET", 0]]
  Rendered /home/ishoboy/.rbenv/versions/3.1.2/lib/ruby/gems/3.1.0/gems/rails_admin-2.2.1/app/views/rails_admin/main/index.html.haml within layouts/rails_admin/application (Duration: 14.9ms | Allocations: 14315)
  Rendered /home/ishoboy/.rbenv/versions/3.1.2/lib/ruby/gems/3.1.0/gems/rails_admin-2.2.1/app/views/layouts/rails_admin/_head.html.haml (Duration: 25.2ms | Allocations: 33884)
  Rendered /home/ishoboy/.rbenv/versions/3.1.2/lib/ruby/gems/3.1.0/gems/rails_admin-2.2.1/app/views/layouts/rails_admin/_secondary_navigation.html.haml (Duration: 0.4ms | Allocations: 334)
  Rendered /home/ishoboy/.rbenv/versions/3.1.2/lib/ruby/gems/3.1.0/gems/rails_admin-2.2.1/app/views/layouts/rails_admin/_navigation.html.haml (Duration: 0.7ms | Allocations: 529)
  Rendered /home/ishoboy/.rbenv/versions/3.1.2/lib/ruby/gems/3.1.0/gems/rails_admin-2.2.1/app/views/layouts/rails_admin/_sidebar_navigation.html.haml (Duration: 0.5ms | Allocations: 478)
  Rendering /home/ishoboy/.rbenv/versions/3.1.2/lib/ruby/gems/3.1.0/gems/rails_admin-2.2.1/app/views/layouts/rails_admin/pjax.html.haml
  Rendered /home/ishoboy/.rbenv/versions/3.1.2/lib/ruby/gems/3.1.0/gems/rails_admin-2.2.1/app/views/layouts/rails_admin/pjax.html.haml (Duration: 1.9ms | Allocations: 1677)
  Rendered layout /home/ishoboy/.rbenv/versions/3.1.2/lib/ruby/gems/3.1.0/gems/rails_admin-2.2.1/app/views/layouts/rails_admin/application.html.haml (Duration: 44.1ms | Allocations: 51455)
Completed 200 OK in 46ms (Views: 44.2ms | ActiveRecord: 0.1ms | Allocations: 52788)


Started GET "/" for 127.0.0.1 at 2022-07-19 21:03:37 +0800
Processing by HomepageController#index as HTML
  Rendering layout layouts/application.html.erb
  Rendering homepage/index.html within layouts/application
  Rendered homepage/index.html within layouts/application (Duration: 0.1ms | Allocations: 9)
  Rendered layout layouts/application.html.erb (Duration: 12.5ms | Allocations: 5586)
Completed 200 OK in 15ms (Views: 13.6ms | ActiveRecord: 0.0ms | Allocations: 6148)


Started GET "/tasks" for 127.0.0.1 at 2022-07-19 21:03:37 +0800
Processing by TasksController#index as JSON
  Rendering tasks/index.jbuilder
  [1m[36mTask Load (0.1ms)[0m  [1m[34mSELECT "tasks".* FROM "tasks"[0m
  Rendered tasks/index.jbuilder (Duration: 0.7ms | Allocations: 483)
Completed 200 OK in 1ms (Views: 1.0ms | ActiveRecord: 0.1ms | Allocations: 1033)


